PCAD Importer Log
Project : SJ1-3533NG.LibPkg

Section : C:\Users\Clint\OneDrive\4th Year Sem2\CC3501\Github\CT-Monitoring-Assignment\Altium Libraries\SJ1-3533NG.lia
    Section : PCB Library - SJ1-3533NG.PcbLib
        Section : Load Messages
            Warning - 1 : Skipping Token KS-S3 On Line 159
            Warning - 1 : Skipping Token attachedSymbol On Line 224
        EndSection

        Section : Import Messages
            Warning : Default polygonal pad shape for signal layers has been made multilayer
            Warning : Default polygonal pad shape for signal layers has been made multilayer
            Warning : Default polygonal pad shape for signal layers has been made multilayer
        EndSection
    EndSection

    Section : SCH Library - SJ1-3533NG.SchLib
        Section : Parsing Messages
            Warning - 1 : Skipping Token padStyleDef On Line 9
            Warning - 1 : Skipping Token multiLayer On Line 134
            Warning - 1 : Skipping Token layerContents On Line 139
            Warning - 1 : Skipping Token layerContents On Line 145
        EndSection

        Section : Generating SCH Library - SJ1-3533NG.SchLib
        EndSection
    EndSection
EndSection
